<?xml version="1.0" encoding="UTF-8"?>
<!-- Generated by org.testng.reporters.JUnitReportReporter -->
<testsuite skipped="0" hostname="nbirla-t460" name="com.sampleGroup.TC_login" tests="1" failures="0" timestamp="24 Jan 2019 10:31:28 GMT" time="25.174" errors="0">
  <testcase name="test" time="25.174" classname="com.sampleGroup.TC_login"/>
</testsuite> <!-- com.sampleGroup.TC_login -->
